{"ts":1709149112860,"action":"PROJECT_OPENED","tags":{"PROJECT_NAME":"Python-Web---HW9"}}
{"ts":1709149114227,"action":"FILE_OPENED","file":"/README.md","tags":{"FILE_LINE_OF_CODE":"1"}}
{"ts":1709149148336,"action":"FILE_CLOSED","file":"/README.txt","tags":{"FILE_LINE_OF_CODE":"1"}}
{"ts":1709149148336,"action":"FILE_OPENED","file":"/.gitignore","tags":{"FILE_LINE_OF_CODE":"0"}}
{"ts":1709149158735,"action":"IDE_DEACTIVATED"}
{"ts":1709149165804,"action":"IDE_ACTIVATED"}
{"ts":1709149172354,"action":"FILE_CLOSED","file":"/.gitignore","tags":{"FILE_LINE_OF_CODE":"0"}}
{"ts":1709149173442,"action":"FILE_OPENED","file":"/README.txt","tags":{"FILE_LINE_OF_CODE":"1"}}
{"ts":1709149177097,"action":"FILE_CLOSED","file":"/README.txt","tags":{"FILE_LINE_OF_CODE":"1"}}
{"ts":1709149177097,"action":"FILE_OPENED","file":"/.gitignore","tags":{"FILE_LINE_OF_CODE":"0"}}
{"ts":1709149261035,"action":"IDE_DEACTIVATED"}
{"ts":1709149262080,"action":"IDE_ACTIVATED"}
{"ts":1709149263176,"action":"IDE_DEACTIVATED"}
{"ts":1709149287641,"action":"IDE_ACTIVATED"}
{"ts":1709149291800,"action":"IDE_DEACTIVATED"}
{"ts":1709149294827,"action":"IDE_ACTIVATED"}
{"ts":1709149305290,"action":"IDE_DEACTIVATED"}
{"ts":1709149308646,"action":"IDE_ACTIVATED"}
{"ts":1709149311387,"action":"IDE_DEACTIVATED"}
{"ts":1709149318258,"action":"IDE_ACTIVATED"}
{"ts":1709149330270,"action":"IDE_DEACTIVATED"}
{"ts":1709149333809,"action":"IDE_ACTIVATED"}
{"ts":1709149339713,"action":"IDE_DEACTIVATED"}
{"ts":1709149343472,"action":"IDE_ACTIVATED"}
{"ts":1709149354815,"action":"IDE_DEACTIVATED"}
{"ts":1709149361507,"action":"IDE_ACTIVATED"}
{"ts":1709149374087,"action":"IDE_DEACTIVATED"}
{"ts":1709149408321,"action":"IDE_ACTIVATED"}
{"ts":1709149415001,"action":"IDE_DEACTIVATED"}
{"ts":1709149419545,"action":"IDE_ACTIVATED"}
{"ts":1709149429698,"action":"IDE_DEACTIVATED"}
{"ts":1709149465507,"action":"IDE_ACTIVATED"}
{"ts":1709149472630,"action":"FILE_CLOSED","file":"/.gitignore","tags":{"FILE_LINE_OF_CODE":"0"}}
{"ts":1709149472652,"action":"FILE_OPENED","file":"/README.txt","tags":{"FILE_LINE_OF_CODE":"1"}}
{"ts":1709149475288,"action":"FILE_CLOSED","file":"/README.txt","tags":{"FILE_LINE_OF_CODE":"1"}}
{"ts":1709149480888,"action":"FILE_OPENED","file":"/README.txt","tags":{"FILE_LINE_OF_CODE":"1"}}
{"ts":1709149565455,"action":"PROJECT_CLOSED","tags":{"PROJECT_NAME":"Python-Web---HW9"}}
{"ts":1709149591481,"action":"FILE_OPENED","file":"/README.txt","tags":{"FILE_LINE_OF_CODE":"0"}}
{"ts":1709149591507,"action":"PROJECT_OPENED","tags":{"PROJECT_NAME":"Python-Web---HW9"}}
{"ts":1709149679281,"action":"FILE_CLOSED","file":"/README.txt","tags":{"FILE_LINE_OF_CODE":"0"}}
{"ts":1709149687572,"action":"IDE_DEACTIVATED"}
{"ts":1709149687723,"action":"PROJECT_CLOSED","tags":{"PROJECT_NAME":"Python-Web---HW9"}}
{"ts":1709194499407,"action":"PROJECT_OPENED","tags":{"PROJECT_NAME":"Python-Web---HW9"}}
{"ts":1709194504872,"action":"IDE_DEACTIVATED"}
{"ts":1709195276598,"action":"IDE_ACTIVATED"}
{"ts":1709195295756,"action":"IDE_DEACTIVATED"}
{"ts":1709201777173,"action":"IDE_ACTIVATED"}
{"ts":1709201779022,"action":"IDE_DEACTIVATED"}
{"ts":1709201779325,"action":"PROJECT_CLOSED","tags":{"PROJECT_NAME":"Python-Web---HW9"}}
{"ts":1709366544615,"action":"PROJECT_OPENED","tags":{"PROJECT_NAME":"Python-Web---HW9"}}
{"ts":1709366544615,"action":"PROJECT_OPENED","tags":{"PROJECT_NAME":"Python-Web---HW9"}}
{"ts":1709366675242,"action":"IDE_DEACTIVATED"}
{"ts":1709366687151,"action":"IDE_ACTIVATED"}
{"ts":1709366696240,"action":"IDE_DEACTIVATED"}
{"ts":1709366699698,"action":"IDE_ACTIVATED"}
{"ts":1709366706531,"action":"PROJECT_CLOSED","tags":{"PROJECT_NAME":"Python-Web---HW9"}}
{"ts":1709407193909,"action":"PROJECT_OPENED","tags":{"PROJECT_NAME":"Python-Web---HW9"}}
{"ts":1709407201443,"action":"IDE_DEACTIVATED"}
{"ts":1709407204968,"action":"IDE_ACTIVATED"}
{"ts":1709407234121,"action":"IDE_DEACTIVATED"}
{"ts":1709407234332,"action":"PROJECT_CLOSED","tags":{"PROJECT_NAME":"Python-Web---HW9"}}
{"ts":1709407258903,"action":"PROJECT_OPENED","tags":{"PROJECT_NAME":"Python-Web---HW9"}}
{"ts":1709407416722,"action":"FILE_OPENED","file":"/pyproject.toml","tags":{"FILE_LINE_OF_CODE":"22"}}
{"ts":1709407485651,"action":"FILE_CLOSED","file":"/pyproject.toml","tags":{"FILE_LINE_OF_CODE":"22"}}
{"ts":1709407485651,"action":"FILE_OPENED","file":"/main.py","tags":{"FILE_LINE_OF_CODE":"0"}}
{"ts":1709407496401,"action":"IDE_DEACTIVATED"}
{"ts":1709407535247,"action":"IDE_ACTIVATED"}
{"ts":1709407716392,"action":"IDE_DEACTIVATED"}
{"ts":1709407743997,"action":"IDE_ACTIVATED"}
{"ts":1709407922819,"action":"IDE_DEACTIVATED"}
{"ts":1709407929024,"action":"IDE_ACTIVATED"}
{"ts":1709407998450,"action":"IDE_DEACTIVATED"}
{"ts":1709408000921,"action":"IDE_ACTIVATED"}
{"ts":1709408012620,"action":"IDE_DEACTIVATED"}
{"ts":1709408021273,"action":"IDE_ACTIVATED"}
{"ts":1709408203222,"action":"IDE_DEACTIVATED"}
{"ts":1709408333451,"action":"IDE_ACTIVATED"}
{"ts":1709408409014,"action":"IDE_DEACTIVATED"}
{"ts":1709408418082,"action":"IDE_ACTIVATED"}
{"ts":1709408419741,"action":"IDE_DEACTIVATED"}
{"ts":1709481025316,"action":"IDE_ACTIVATED"}
{"ts":1709481040346,"action":"FILE_CLOSED","file":"/main.py","tags":{"FILE_LINE_OF_CODE":"39"}}
{"ts":1709481040347,"action":"FILE_OPENED","file":"/quotes.json","tags":{"FILE_LINE_OF_CODE":"42"}}
{"ts":1709481040864,"action":"FILE_CLOSED","file":"/quotes.json","tags":{"FILE_LINE_OF_CODE":"42"}}
{"ts":1709481040864,"action":"FILE_OPENED","file":"/authors.json","tags":{"FILE_LINE_OF_CODE":"16"}}
{"ts":1709481046179,"action":"FILE_CLOSED","file":"/authors.json","tags":{"FILE_LINE_OF_CODE":"16"}}
{"ts":1709481046179,"action":"FILE_OPENED","file":"/quotes.json","tags":{"FILE_LINE_OF_CODE":"42"}}
{"ts":1709481050107,"action":"FILE_CLOSED","file":"/quotes.json","tags":{"FILE_LINE_OF_CODE":"42"}}
{"ts":1709481050107,"action":"FILE_OPENED","file":"/main.py","tags":{"FILE_LINE_OF_CODE":"39"}}
{"ts":1709481056799,"action":"IDE_DEACTIVATED"}
{"ts":1709481084574,"action":"IDE_ACTIVATED"}
{"ts":1709481086527,"action":"IDE_DEACTIVATED"}
{"ts":1709481088377,"action":"IDE_ACTIVATED"}
{"ts":1709481091176,"action":"IDE_DEACTIVATED"}
{"ts":1709481092091,"action":"IDE_ACTIVATED"}
{"ts":1709481098872,"action":"FILE_CLOSED","file":"/main.py","tags":{"FILE_LINE_OF_CODE":"39"}}
{"ts":1709481108686,"action":"FILE_OPENED","file":"/main.py","tags":{"FILE_LINE_OF_CODE":"39"}}
{"ts":1709481111697,"action":"IDE_DEACTIVATED"}
{"ts":1709481112536,"action":"IDE_ACTIVATED"}
{"ts":1709481114999,"action":"IDE_DEACTIVATED"}
{"ts":1709481115934,"action":"IDE_ACTIVATED"}
{"ts":1709481123221,"action":"IDE_DEACTIVATED"}
{"ts":1709481129259,"action":"IDE_ACTIVATED"}
{"ts":1709481130049,"action":"IDE_DEACTIVATED"}
{"ts":1709481132565,"action":"IDE_ACTIVATED"}
{"ts":1709481133952,"action":"IDE_DEACTIVATED"}
{"ts":1709481139093,"action":"IDE_ACTIVATED"}
{"ts":1709481192668,"action":"IDE_DEACTIVATED"}
{"ts":1709481193405,"action":"IDE_ACTIVATED"}
{"ts":1709481193833,"action":"IDE_DEACTIVATED"}
{"ts":1709481199845,"action":"IDE_ACTIVATED"}
{"ts":1709481201056,"action":"IDE_DEACTIVATED"}
{"ts":1709481204295,"action":"IDE_ACTIVATED"}
{"ts":1709481252848,"action":"IDE_DEACTIVATED"}
{"ts":1709481298969,"action":"IDE_ACTIVATED"}
{"ts":1709481333579,"action":"IDE_DEACTIVATED"}
{"ts":1709481334710,"action":"IDE_ACTIVATED"}
{"ts":1709481365307,"action":"IDE_DEACTIVATED"}
{"ts":1709481378018,"action":"IDE_ACTIVATED"}
{"ts":1709481508277,"action":"IDE_DEACTIVATED"}
{"ts":1709481597186,"action":"IDE_ACTIVATED"}
{"ts":1709481682260,"action":"IDE_DEACTIVATED"}
{"ts":1709481706022,"action":"IDE_ACTIVATED"}
{"ts":1709481909688,"action":"IDE_DEACTIVATED"}
{"ts":1709481933105,"action":"IDE_ACTIVATED"}
{"ts":1709481977431,"action":"IDE_DEACTIVATED"}
{"ts":1709481991890,"action":"IDE_ACTIVATED"}
{"ts":1709482142232,"action":"IDE_DEACTIVATED"}
{"ts":1709482165684,"action":"IDE_ACTIVATED"}
{"ts":1709482322975,"action":"IDE_DEACTIVATED"}
{"ts":1709482340326,"action":"IDE_ACTIVATED"}
{"ts":1709482550206,"action":"IDE_DEACTIVATED"}
{"ts":1709482579557,"action":"IDE_ACTIVATED"}
{"ts":1709482684289,"action":"IDE_DEACTIVATED"}
{"ts":1709482688862,"action":"IDE_ACTIVATED"}
{"ts":1709482755161,"action":"IDE_DEACTIVATED"}
{"ts":1709482781581,"action":"IDE_ACTIVATED"}
{"ts":1709482782858,"action":"IDE_DEACTIVATED"}
{"ts":1709482787767,"action":"IDE_ACTIVATED"}
{"ts":1709482790961,"action":"IDE_DEACTIVATED"}
{"ts":1709482839228,"action":"IDE_ACTIVATED"}
{"ts":1709482847099,"action":"IDE_DEACTIVATED"}
{"ts":1709482849414,"action":"IDE_ACTIVATED"}
{"ts":1709482850497,"action":"IDE_DEACTIVATED"}
{"ts":1709482854006,"action":"IDE_ACTIVATED"}
{"ts":1709482856649,"action":"IDE_DEACTIVATED"}
{"ts":1709482874480,"action":"IDE_ACTIVATED"}
{"ts":1709482896579,"action":"IDE_DEACTIVATED"}
{"ts":1709482934385,"action":"IDE_ACTIVATED"}
{"ts":1709482948455,"action":"IDE_DEACTIVATED"}
{"ts":1709482959612,"action":"IDE_ACTIVATED"}
{"ts":1709483034812,"action":"IDE_DEACTIVATED"}
{"ts":1709483105606,"action":"IDE_ACTIVATED"}
{"ts":1709483397554,"action":"IDE_DEACTIVATED"}
{"ts":1709483404222,"action":"IDE_ACTIVATED"}
{"ts":1709483536096,"action":"IDE_DEACTIVATED"}
{"ts":1709483539052,"action":"IDE_ACTIVATED"}
{"ts":1709483552264,"action":"IDE_DEACTIVATED"}
{"ts":1709483555410,"action":"IDE_ACTIVATED"}
{"ts":1709483587114,"action":"IDE_DEACTIVATED"}
{"ts":1709483607024,"action":"IDE_ACTIVATED"}
{"ts":1709483624805,"action":"FILE_CLOSED","file":"/main.py","tags":{"FILE_LINE_OF_CODE":"75"}}
{"ts":1709483624805,"action":"FILE_OPENED","file":"/quotes.json","tags":{"FILE_LINE_OF_CODE":"831"}}
{"ts":1709483629505,"action":"FILE_CLOSED","file":"/quotes.json","tags":{"FILE_LINE_OF_CODE":"831"}}
{"ts":1709483629505,"action":"FILE_OPENED","file":"/authors.json","tags":{"FILE_LINE_OF_CODE":"302"}}
{"ts":1709483651323,"action":"IDE_DEACTIVATED"}
{"ts":1709483861502,"action":"IDE_ACTIVATED"}
{"ts":1709483904050,"action":"IDE_DEACTIVATED"}
{"ts":1709483908261,"action":"IDE_ACTIVATED"}
{"ts":1709483909535,"action":"IDE_DEACTIVATED"}
{"ts":1709484057194,"action":"IDE_ACTIVATED"}
{"ts":1709484065198,"action":"IDE_DEACTIVATED"}
{"ts":1709484316642,"action":"IDE_ACTIVATED"}
{"ts":1709484319182,"action":"IDE_DEACTIVATED"}
{"ts":1709484353575,"action":"IDE_ACTIVATED"}
{"ts":1709484358352,"action":"FILE_CLOSED","file":"/authors.json","tags":{"FILE_LINE_OF_CODE":"302"}}
{"ts":1709484358352,"action":"FILE_OPENED","file":"/README.txt","tags":{"FILE_LINE_OF_CODE":"0"}}
{"ts":1709484360627,"action":"IDE_DEACTIVATED"}
{"ts":1709484362393,"action":"IDE_ACTIVATED"}
{"ts":1709484382514,"action":"IDE_DEACTIVATED"}
{"ts":1709484557851,"action":"IDE_ACTIVATED"}
{"ts":1709484562512,"action":"FILE_CLOSED","file":"/README.txt","tags":{"FILE_LINE_OF_CODE":"19"}}
{"ts":1709484562512,"action":"FILE_OPENED","file":"/PART1_models.py","tags":{"FILE_LINE_OF_CODE":"33"}}
{"ts":1709484577582,"action":"FILE_CLOSED","file":"/PART1_models.py","tags":{"FILE_LINE_OF_CODE":"33"}}
{"ts":1709484577582,"action":"FILE_OPENED","file":"/main.py","tags":{"FILE_LINE_OF_CODE":"75"}}
{"ts":1709484588204,"action":"FILE_CLOSED","file":"/main.py","tags":{"FILE_LINE_OF_CODE":"75"}}
{"ts":1709484588204,"action":"FILE_OPENED","file":"/PART1_models.py","tags":{"FILE_LINE_OF_CODE":"33"}}
{"ts":1709484590766,"action":"FILE_CLOSED","file":"/PART1_models.py","tags":{"FILE_LINE_OF_CODE":"33"}}
{"ts":1709484590766,"action":"FILE_OPENED","file":"/PART1_models.py","tags":{"FILE_LINE_OF_CODE":"33"}}
{"ts":1709484612686,"action":"FILE_CLOSED","file":"/PART1_models.py","tags":{"FILE_LINE_OF_CODE":"33"}}
{"ts":1709484612686,"action":"FILE_OPENED","file":"/quotes.json","tags":{"FILE_LINE_OF_CODE":"831"}}
{"ts":1709484622122,"action":"FILE_CLOSED","file":"/quotes.json","tags":{"FILE_LINE_OF_CODE":"831"}}
{"ts":1709484622122,"action":"FILE_OPENED","file":"/main.py","tags":{"FILE_LINE_OF_CODE":"75"}}
{"ts":1709484638562,"action":"FILE_CLOSED","file":"/main.py","tags":{"FILE_LINE_OF_CODE":"75"}}
{"ts":1709484638562,"action":"FILE_OPENED","file":"/PART1_models.py","tags":{"FILE_LINE_OF_CODE":"33"}}
{"ts":1709484665329,"action":"FILE_CLOSED","file":"/PART1_models.py","tags":{"FILE_LINE_OF_CODE":"33"}}
{"ts":1709484665329,"action":"FILE_OPENED","file":"/PART1_app.py","tags":{"FILE_LINE_OF_CODE":"65"}}
{"ts":1709484700798,"action":"FILE_CLOSED","file":"/PART1_app.py","tags":{"FILE_LINE_OF_CODE":"65"}}
{"ts":1709484700798,"action":"FILE_OPENED","file":"/PART1_main.py","tags":{"FILE_LINE_OF_CODE":"31"}}
{"ts":1709484737636,"action":"FILE_CLOSED","file":"/PART1_main.py","tags":{"FILE_LINE_OF_CODE":"31"}}
{"ts":1709484737636,"action":"FILE_OPENED","file":"/PART1_seed.py","tags":{"FILE_LINE_OF_CODE":"25"}}
{"ts":1709484779949,"action":"FILE_CLOSED","file":"/PART1_seed.py","tags":{"FILE_LINE_OF_CODE":"25"}}
{"ts":1709484779949,"action":"FILE_OPENED","file":"/PART1_search_tags.py","tags":{"FILE_LINE_OF_CODE":"30"}}
{"ts":1709484800092,"action":"IDE_DEACTIVATED"}
{"ts":1709484853438,"action":"IDE_ACTIVATED"}
{"ts":1709484859252,"action":"FILE_CLOSED","file":"/PART1_search_tags.py","tags":{"FILE_LINE_OF_CODE":"30"}}
{"ts":1709484859254,"action":"FILE_OPENED","file":"/Part1_EX2_hw.py","tags":{"FILE_LINE_OF_CODE":"42"}}
{"ts":1709484891823,"action":"FILE_CLOSED","file":"/Part1_EX2_hw.py","tags":{"FILE_LINE_OF_CODE":"42"}}
{"ts":1709484891823,"action":"FILE_OPENED","file":"/PART1_search_tags.py","tags":{"FILE_LINE_OF_CODE":"30"}}
{"ts":1709484903030,"action":"FILE_CLOSED","file":"/PART1_search_tags.py","tags":{"FILE_LINE_OF_CODE":"30"}}
{"ts":1709484903030,"action":"FILE_OPENED","file":"/PART1_seed.py","tags":{"FILE_LINE_OF_CODE":"25"}}
{"ts":1709484909218,"action":"FILE_CLOSED","file":"/PART1_seed.py","tags":{"FILE_LINE_OF_CODE":"25"}}
{"ts":1709484909218,"action":"FILE_OPENED","file":"/PART1_main.py","tags":{"FILE_LINE_OF_CODE":"31"}}
{"ts":1709484915683,"action":"FILE_CLOSED","file":"/PART1_main.py","tags":{"FILE_LINE_OF_CODE":"31"}}
{"ts":1709484915683,"action":"FILE_OPENED","file":"/PART1_app.py","tags":{"FILE_LINE_OF_CODE":"65"}}
{"ts":1709484920666,"action":"FILE_CLOSED","file":"/PART1_app.py","tags":{"FILE_LINE_OF_CODE":"65"}}
{"ts":1709484920666,"action":"FILE_OPENED","file":"/PART1_models.py","tags":{"FILE_LINE_OF_CODE":"33"}}
{"ts":1709484931275,"action":"FILE_CLOSED","file":"/PART1_models.py","tags":{"FILE_LINE_OF_CODE":"33"}}
{"ts":1709484931275,"action":"FILE_OPENED","file":"/PART1_app.py","tags":{"FILE_LINE_OF_CODE":"65"}}
{"ts":1709484934453,"action":"FILE_CLOSED","file":"/PART1_app.py","tags":{"FILE_LINE_OF_CODE":"65"}}
{"ts":1709484934454,"action":"FILE_OPENED","file":"/PART1_models.py","tags":{"FILE_LINE_OF_CODE":"33"}}
{"ts":1709484938334,"action":"FILE_CLOSED","file":"/PART1_models.py","tags":{"FILE_LINE_OF_CODE":"33"}}
{"ts":1709484938334,"action":"FILE_OPENED","file":"/PART1_app.py","tags":{"FILE_LINE_OF_CODE":"65"}}
{"ts":1709484944068,"action":"FILE_CLOSED","file":"/PART1_app.py","tags":{"FILE_LINE_OF_CODE":"65"}}
{"ts":1709484944068,"action":"FILE_OPENED","file":"/PART1_main.py","tags":{"FILE_LINE_OF_CODE":"31"}}
{"ts":1709484947242,"action":"FILE_CLOSED","file":"/PART1_main.py","tags":{"FILE_LINE_OF_CODE":"31"}}
{"ts":1709484947242,"action":"FILE_OPENED","file":"/PART1_seed.py","tags":{"FILE_LINE_OF_CODE":"25"}}
{"ts":1709484949882,"action":"FILE_CLOSED","file":"/PART1_seed.py","tags":{"FILE_LINE_OF_CODE":"25"}}
{"ts":1709484949882,"action":"FILE_OPENED","file":"/PART1_search_tags.py","tags":{"FILE_LINE_OF_CODE":"30"}}
{"ts":1709484952886,"action":"FILE_CLOSED","file":"/PART1_search_tags.py","tags":{"FILE_LINE_OF_CODE":"30"}}
{"ts":1709484952886,"action":"FILE_OPENED","file":"/Part1_EX2_hw.py","tags":{"FILE_LINE_OF_CODE":"42"}}
{"ts":1709484958260,"action":"FILE_CLOSED","file":"/Part1_EX2_hw.py","tags":{"FILE_LINE_OF_CODE":"42"}}
{"ts":1709484958260,"action":"FILE_OPENED","file":"/PART1_search_tags.py","tags":{"FILE_LINE_OF_CODE":"30"}}
{"ts":1709484960238,"action":"FILE_CLOSED","file":"/PART1_search_tags.py","tags":{"FILE_LINE_OF_CODE":"30"}}
{"ts":1709484960238,"action":"FILE_OPENED","file":"/PART1_seed.py","tags":{"FILE_LINE_OF_CODE":"25"}}
{"ts":1709484962238,"action":"FILE_CLOSED","file":"/PART1_seed.py","tags":{"FILE_LINE_OF_CODE":"25"}}
{"ts":1709484962238,"action":"FILE_OPENED","file":"/PART1_main.py","tags":{"FILE_LINE_OF_CODE":"31"}}
{"ts":1709484964010,"action":"FILE_CLOSED","file":"/PART1_main.py","tags":{"FILE_LINE_OF_CODE":"31"}}
{"ts":1709484964010,"action":"FILE_OPENED","file":"/PART1_app.py","tags":{"FILE_LINE_OF_CODE":"65"}}
{"ts":1709484966090,"action":"FILE_CLOSED","file":"/PART1_app.py","tags":{"FILE_LINE_OF_CODE":"65"}}
{"ts":1709484966090,"action":"FILE_OPENED","file":"/PART1_models.py","tags":{"FILE_LINE_OF_CODE":"33"}}
{"ts":1709484971579,"action":"FILE_CLOSED","file":"/PART1_models.py","tags":{"FILE_LINE_OF_CODE":"33"}}
{"ts":1709484971579,"action":"FILE_OPENED","file":"/README.txt","tags":{"FILE_LINE_OF_CODE":"19"}}
{"ts":1709485005694,"action":"IDE_DEACTIVATED"}
{"ts":1709485029277,"action":"IDE_ACTIVATED"}
{"ts":1709485035883,"action":"FILE_CLOSED","file":"/README.txt","tags":{"FILE_LINE_OF_CODE":"11"}}
{"ts":1709485035883,"action":"FILE_OPENED","file":"/quotes.json","tags":{"FILE_LINE_OF_CODE":"831"}}
{"ts":1709485042374,"action":"FILE_CLOSED","file":"/quotes.json","tags":{"FILE_LINE_OF_CODE":"0"}}
{"ts":1709485042374,"action":"FILE_OPENED","file":"/authors.json","tags":{"FILE_LINE_OF_CODE":"302"}}
{"ts":1709485046710,"action":"FILE_CLOSED","file":"/authors.json","tags":{"FILE_LINE_OF_CODE":"0"}}
{"ts":1709485046710,"action":"FILE_OPENED","file":"/README.txt","tags":{"FILE_LINE_OF_CODE":"11"}}
{"ts":1709485052398,"action":"IDE_DEACTIVATED"}
{"ts":1709485081952,"action":"IDE_ACTIVATED"}
{"ts":1709485093035,"action":"IDE_DEACTIVATED"}
{"ts":1709485106085,"action":"IDE_ACTIVATED"}
{"ts":1709485126606,"action":"IDE_DEACTIVATED"}
{"ts":1709485133126,"action":"IDE_ACTIVATED"}
{"ts":1709485594298,"action":"FILE_CLOSED","file":"/README.txt","tags":{"FILE_LINE_OF_CODE":"12"}}
{"ts":1709485594298,"action":"FILE_OPENED","file":"/main.py","tags":{"FILE_LINE_OF_CODE":"75"}}
{"ts":1709485599932,"action":"FILE_CLOSED","file":"/main.py","tags":{"FILE_LINE_OF_CODE":"75"}}
{"ts":1709485599932,"action":"FILE_OPENED","file":"/models.py","tags":{"FILE_LINE_OF_CODE":"33"}}
{"ts":1709485639671,"action":"FILE_CLOSED","file":"/models.py","tags":{"FILE_LINE_OF_CODE":"31"}}
{"ts":1709485639671,"action":"FILE_OPENED","file":"/app.py","tags":{"FILE_LINE_OF_CODE":"65"}}
{"ts":1709485646279,"action":"FILE_CLOSED","file":"/app.py","tags":{"FILE_LINE_OF_CODE":"65"}}
{"ts":1709485646279,"action":"FILE_OPENED","file":"/0_main.py","tags":{"FILE_LINE_OF_CODE":"31"}}
{"ts":1709485654750,"action":"FILE_CLOSED","file":"/0_main.py","tags":{"FILE_LINE_OF_CODE":"31"}}
{"ts":1709485654750,"action":"FILE_OPENED","file":"/seed.py","tags":{"FILE_LINE_OF_CODE":"25"}}
{"ts":1709485664837,"action":"FILE_CLOSED","file":"/seed.py","tags":{"FILE_LINE_OF_CODE":"23"}}
{"ts":1709485664837,"action":"FILE_OPENED","file":"/search_tags.py","tags":{"FILE_LINE_OF_CODE":"30"}}
{"ts":1709485682147,"action":"FILE_CLOSED","file":"/search_tags.py","tags":{"FILE_LINE_OF_CODE":"30"}}
{"ts":1709485682147,"action":"FILE_OPENED","file":"/hw9.py","tags":{"FILE_LINE_OF_CODE":"42"}}
{"ts":1709485720321,"action":"FILE_CLOSED","file":"/hw9.py","tags":{"FILE_LINE_OF_CODE":"40"}}
{"ts":1709485720321,"action":"FILE_OPENED","file":"/authors.json","tags":{"FILE_LINE_OF_CODE":"0"}}
{"ts":1709485721417,"action":"FILE_CLOSED","file":"/authors.json","tags":{"FILE_LINE_OF_CODE":"0"}}
{"ts":1709485721417,"action":"FILE_OPENED","file":"/quotes.json","tags":{"FILE_LINE_OF_CODE":"0"}}
{"ts":1709485737356,"action":"FILE_CLOSED","file":"/quotes.json","tags":{"FILE_LINE_OF_CODE":"0"}}
{"ts":1709485737356,"action":"FILE_OPENED","file":"/main.py","tags":{"FILE_LINE_OF_CODE":"75"}}
{"ts":1709485754672,"action":"FILE_CLOSED","file":"/main.py","tags":{"FILE_LINE_OF_CODE":"75"}}
{"ts":1709485754672,"action":"FILE_OPENED","file":"/hw9.py","tags":{"FILE_LINE_OF_CODE":"40"}}
{"ts":1709485790127,"action":"IDE_DEACTIVATED"}
{"ts":1709485799341,"action":"IDE_ACTIVATED"}
{"ts":1709485801810,"action":"FILE_CLOSED","file":"/hw9.py","tags":{"FILE_LINE_OF_CODE":"40"}}
{"ts":1709485801810,"action":"FILE_OPENED","file":"/README.txt","tags":{"FILE_LINE_OF_CODE":"12"}}
{"ts":1709485819243,"action":"FILE_CLOSED","file":"/README.txt","tags":{"FILE_LINE_OF_CODE":"12"}}
{"ts":1709485819243,"action":"FILE_OPENED","file":"/models.py","tags":{"FILE_LINE_OF_CODE":"31"}}
{"ts":1709485853658,"action":"IDE_DEACTIVATED"}
{"ts":1709485890495,"action":"IDE_ACTIVATED"}
{"ts":1709485890898,"action":"IDE_DEACTIVATED"}
{"ts":1709485900635,"action":"IDE_ACTIVATED"}
{"ts":1709485904069,"action":"FILE_CLOSED","file":"/models.py","tags":{"FILE_LINE_OF_CODE":"31"}}
{"ts":1709485904069,"action":"FILE_OPENED","file":"/README.txt","tags":{"FILE_LINE_OF_CODE":"12"}}
{"ts":1709485915480,"action":"FILE_CLOSED","file":"/README.txt","tags":{"FILE_LINE_OF_CODE":"12"}}
{"ts":1709485915480,"action":"FILE_OPENED","file":"/authors.json","tags":{"FILE_LINE_OF_CODE":"0"}}
{"ts":1709485916238,"action":"FILE_CLOSED","file":"/authors.json","tags":{"FILE_LINE_OF_CODE":"0"}}
{"ts":1709485916238,"action":"FILE_OPENED","file":"/quotes.json","tags":{"FILE_LINE_OF_CODE":"0"}}
{"ts":1709485916953,"action":"FILE_CLOSED","file":"/quotes.json","tags":{"FILE_LINE_OF_CODE":"0"}}
{"ts":1709485916953,"action":"FILE_OPENED","file":"/authors.json","tags":{"FILE_LINE_OF_CODE":"0"}}
{"ts":1709485917974,"action":"FILE_CLOSED","file":"/authors.json","tags":{"FILE_LINE_OF_CODE":"0"}}
{"ts":1709485917974,"action":"FILE_OPENED","file":"/README.txt","tags":{"FILE_LINE_OF_CODE":"12"}}
{"ts":1709485930004,"action":"FILE_CLOSED","file":"/README.txt","tags":{"FILE_LINE_OF_CODE":"12"}}
{"ts":1709485930004,"action":"FILE_OPENED","file":"/main.py","tags":{"FILE_LINE_OF_CODE":"75"}}
{"ts":1709485952287,"action":"FILE_CLOSED","file":"/main.py","tags":{"FILE_LINE_OF_CODE":"75"}}
{"ts":1709485952287,"action":"FILE_OPENED","file":"/quotes.json","tags":{"FILE_LINE_OF_CODE":"831"}}
{"ts":1709485956606,"action":"FILE_CLOSED","file":"/quotes.json","tags":{"FILE_LINE_OF_CODE":"831"}}
{"ts":1709485956606,"action":"FILE_OPENED","file":"/authors.json","tags":{"FILE_LINE_OF_CODE":"302"}}
{"ts":1709485960274,"action":"FILE_CLOSED","file":"/authors.json","tags":{"FILE_LINE_OF_CODE":"302"}}
{"ts":1709485960274,"action":"FILE_OPENED","file":"/README.txt","tags":{"FILE_LINE_OF_CODE":"12"}}
{"ts":1709486023181,"action":"FILE_CLOSED","file":"/README.txt","tags":{"FILE_LINE_OF_CODE":"12"}}
{"ts":1709486023181,"action":"FILE_OPENED","file":"/main.py","tags":{"FILE_LINE_OF_CODE":"75"}}
{"ts":1709486039699,"action":"FILE_CLOSED","file":"/main.py","tags":{"FILE_LINE_OF_CODE":"75"}}
{"ts":1709486039699,"action":"FILE_OPENED","file":"/README.txt","tags":{"FILE_LINE_OF_CODE":"12"}}
{"ts":1709486152821,"action":"FILE_CLOSED","file":"/README.txt","tags":{"FILE_LINE_OF_CODE":"13"}}
{"ts":1709486152821,"action":"FILE_OPENED","file":"/0_main.py","tags":{"FILE_LINE_OF_CODE":"31"}}
{"ts":1709486247963,"action":"IDE_DEACTIVATED"}
{"ts":1709486272172,"action":"IDE_ACTIVATED"}
{"ts":1709486286186,"action":"IDE_DEACTIVATED"}
{"ts":1709486347145,"action":"IDE_ACTIVATED"}
{"ts":1709486353548,"action":"IDE_DEACTIVATED"}
{"ts":1709486357993,"action":"IDE_ACTIVATED"}
{"ts":1709486373044,"action":"IDE_DEACTIVATED"}
{"ts":1709486378571,"action":"IDE_ACTIVATED"}
{"ts":1709486392563,"action":"IDE_DEACTIVATED"}
{"ts":1709486625353,"action":"IDE_ACTIVATED"}
{"ts":1709486627845,"action":"FILE_CLOSED","file":"/0_main.py","tags":{"FILE_LINE_OF_CODE":"31"}}
{"ts":1709486627845,"action":"FILE_OPENED","file":"/README.txt","tags":{"FILE_LINE_OF_CODE":"13"}}
{"ts":1709486639221,"action":"FILE_CLOSED","file":"/README.txt","tags":{"FILE_LINE_OF_CODE":"13"}}
{"ts":1709486639221,"action":"FILE_OPENED","file":"/seed.py","tags":{"FILE_LINE_OF_CODE":"23"}}
{"ts":1709486671131,"action":"IDE_DEACTIVATED"}
{"ts":1709486672243,"action":"IDE_ACTIVATED"}
{"ts":1709486705603,"action":"FILE_CLOSED","file":"/seed.py","tags":{"FILE_LINE_OF_CODE":"23"}}
{"ts":1709486705604,"action":"FILE_OPENED","file":"/README.txt","tags":{"FILE_LINE_OF_CODE":"13"}}
{"ts":1709486762281,"action":"FILE_CLOSED","file":"/README.txt","tags":{"FILE_LINE_OF_CODE":"12"}}
{"ts":1709486762281,"action":"FILE_OPENED","file":"/hw9.py","tags":{"FILE_LINE_OF_CODE":"40"}}
{"ts":1709486769219,"action":"FILE_CLOSED","file":"/hw9.py","tags":{"FILE_LINE_OF_CODE":"40"}}
{"ts":1709486769219,"action":"FILE_OPENED","file":"/README.txt","tags":{"FILE_LINE_OF_CODE":"12"}}
{"ts":1709486777664,"action":"FILE_CLOSED","file":"/README.txt","tags":{"FILE_LINE_OF_CODE":"12"}}
{"ts":1709486777664,"action":"FILE_OPENED","file":"/hw9.py","tags":{"FILE_LINE_OF_CODE":"40"}}
{"ts":1709486785807,"action":"FILE_CLOSED","file":"/hw9.py","tags":{"FILE_LINE_OF_CODE":"40"}}
{"ts":1709486785811,"action":"FILE_OPENED","file":"/search_tags.py","tags":{"FILE_LINE_OF_CODE":"30"}}
{"ts":1709486787571,"action":"FILE_CLOSED","file":"/search_tags.py","tags":{"FILE_LINE_OF_CODE":"30"}}
{"ts":1709486787574,"action":"FILE_OPENED","file":"/0_main.py","tags":{"FILE_LINE_OF_CODE":"31"}}
{"ts":1709486791501,"action":"FILE_CLOSED","file":"/0_main.py","tags":{"FILE_LINE_OF_CODE":"31"}}
{"ts":1709486791505,"action":"FILE_OPENED","file":"/README.txt","tags":{"FILE_LINE_OF_CODE":"12"}}
{"ts":1709486792753,"action":"FILE_CLOSED","file":"/README.txt","tags":{"FILE_LINE_OF_CODE":"12"}}
{"ts":1709486792753,"action":"FILE_OPENED","file":"/main.py","tags":{"FILE_LINE_OF_CODE":"75"}}
{"ts":1709486794770,"action":"FILE_CLOSED","file":"/main.py","tags":{"FILE_LINE_OF_CODE":"75"}}
{"ts":1709486794770,"action":"FILE_OPENED","file":"/README.txt","tags":{"FILE_LINE_OF_CODE":"12"}}
{"ts":1709486798012,"action":"FILE_CLOSED","file":"/README.txt","tags":{"FILE_LINE_OF_CODE":"12"}}
{"ts":1709486798012,"action":"FILE_OPENED","file":"/authors.json","tags":{"FILE_LINE_OF_CODE":"302"}}
{"ts":1709486825470,"action":"IDE_DEACTIVATED"}
{"ts":1709486829907,"action":"IDE_ACTIVATED"}
{"ts":1709486836104,"action":"IDE_DEACTIVATED"}
{"ts":1709487015696,"action":"IDE_ACTIVATED"}
{"ts":1709487017954,"action":"FILE_CLOSED","file":"/authors.json","tags":{"FILE_LINE_OF_CODE":"302"}}
{"ts":1709487017955,"action":"FILE_OPENED","file":"/main.py","tags":{"FILE_LINE_OF_CODE":"75"}}
{"ts":1709487020742,"action":"IDE_DEACTIVATED"}
{"ts":1709487022008,"action":"IDE_ACTIVATED"}
{"ts":1709487022857,"action":"IDE_DEACTIVATED"}
{"ts":1709487165834,"action":"IDE_ACTIVATED"}
{"ts":1709487243762,"action":"IDE_DEACTIVATED"}
{"ts":1709487254577,"action":"IDE_ACTIVATED"}
{"ts":1709487269556,"action":"IDE_DEACTIVATED"}
{"ts":1709487276957,"action":"IDE_ACTIVATED"}
{"ts":1709487321040,"action":"IDE_DEACTIVATED"}
{"ts":1709487323728,"action":"IDE_ACTIVATED"}
{"ts":1709487445476,"action":"IDE_DEACTIVATED"}
{"ts":1709487451047,"action":"IDE_ACTIVATED"}
{"ts":1709487456100,"action":"IDE_DEACTIVATED"}
{"ts":1709487500787,"action":"IDE_ACTIVATED"}
{"ts":1709487514083,"action":"IDE_DEACTIVATED"}
{"ts":1709487604100,"action":"IDE_ACTIVATED"}
{"ts":1709487615562,"action":"IDE_DEACTIVATED"}
{"ts":1709487617736,"action":"IDE_ACTIVATED"}
{"ts":1709487626286,"action":"IDE_DEACTIVATED"}
{"ts":1709487630611,"action":"IDE_ACTIVATED"}
{"ts":1709487638959,"action":"IDE_DEACTIVATED"}
{"ts":1709487641007,"action":"IDE_ACTIVATED"}
{"ts":1709487651158,"action":"FILE_CLOSED","file":"/main.py","tags":{"FILE_LINE_OF_CODE":"91"}}
{"ts":1709487651158,"action":"FILE_OPENED","file":"/authors.json","tags":{"FILE_LINE_OF_CODE":"302"}}
{"ts":1709487655104,"action":"FILE_CLOSED","file":"/authors.json","tags":{"FILE_LINE_OF_CODE":"302"}}
{"ts":1709487655109,"action":"FILE_OPENED","file":"/README.txt","tags":{"FILE_LINE_OF_CODE":"12"}}
{"ts":1709487674741,"action":"FILE_CLOSED","file":"/README.txt","tags":{"FILE_LINE_OF_CODE":"12"}}
{"ts":1709487674744,"action":"FILE_OPENED","file":"/main.py","tags":{"FILE_LINE_OF_CODE":"91"}}
{"ts":1709487690177,"action":"FILE_CLOSED","file":"/main.py","tags":{"FILE_LINE_OF_CODE":"91"}}
{"ts":1709487690177,"action":"FILE_OPENED","file":"/authors.json","tags":{"FILE_LINE_OF_CODE":"302"}}
{"ts":1709487709944,"action":"FILE_CLOSED","file":"/authors.json","tags":{"FILE_LINE_OF_CODE":"302"}}
{"ts":1709487709948,"action":"FILE_OPENED","file":"/main.py","tags":{"FILE_LINE_OF_CODE":"91"}}
{"ts":1709487714853,"action":"IDE_DEACTIVATED"}
{"ts":1709487819531,"action":"IDE_ACTIVATED"}
{"ts":1709487856607,"action":"FILE_CLOSED","file":"/main.py","tags":{"FILE_LINE_OF_CODE":"91"}}
{"ts":1709487856607,"action":"FILE_OPENED","file":"/README.txt","tags":{"FILE_LINE_OF_CODE":"12"}}
{"ts":1709487900524,"action":"FILE_CLOSED","file":"/README.txt","tags":{"FILE_LINE_OF_CODE":"12"}}
{"ts":1709487900524,"action":"FILE_OPENED","file":"/models.py","tags":{"FILE_LINE_OF_CODE":"31"}}
{"ts":1709487904854,"action":"FILE_CLOSED","file":"/models.py","tags":{"FILE_LINE_OF_CODE":"31"}}
{"ts":1709487904854,"action":"FILE_OPENED","file":"/0_main.py","tags":{"FILE_LINE_OF_CODE":"31"}}
{"ts":1709487908563,"action":"FILE_CLOSED","file":"/0_main.py","tags":{"FILE_LINE_OF_CODE":"31"}}
{"ts":1709487908563,"action":"FILE_OPENED","file":"/main.py","tags":{"FILE_LINE_OF_CODE":"91"}}
{"ts":1709487915112,"action":"FILE_CLOSED","file":"/main.py","tags":{"FILE_LINE_OF_CODE":"91"}}
{"ts":1709487915113,"action":"FILE_OPENED","file":"/models.py","tags":{"FILE_LINE_OF_CODE":"31"}}
{"ts":1709487919785,"action":"FILE_CLOSED","file":"/models.py","tags":{"FILE_LINE_OF_CODE":"31"}}
{"ts":1709487919785,"action":"FILE_OPENED","file":"/models.py","tags":{"FILE_LINE_OF_CODE":"31"}}
{"ts":1709487922680,"action":"FILE_CLOSED","file":"/models.py","tags":{"FILE_LINE_OF_CODE":"31"}}
{"ts":1709487922680,"action":"FILE_OPENED","file":"/main.py","tags":{"FILE_LINE_OF_CODE":"91"}}
{"ts":1709487953707,"action":"FILE_CLOSED","file":"/main.py","tags":{"FILE_LINE_OF_CODE":"91"}}
{"ts":1709487953707,"action":"FILE_OPENED","file":"/README.txt","tags":{"FILE_LINE_OF_CODE":"12"}}
{"ts":1709488027556,"action":"FILE_CLOSED","file":"/README.txt","tags":{"FILE_LINE_OF_CODE":"13"}}
{"ts":1709488027556,"action":"FILE_OPENED","file":"/0_main.py","tags":{"FILE_LINE_OF_CODE":"31"}}
{"ts":1709488077658,"action":"FILE_CLOSED","file":"/0_main.py","tags":{"FILE_LINE_OF_CODE":"31"}}
{"ts":1709488077659,"action":"FILE_OPENED","file":"/main.py","tags":{"FILE_LINE_OF_CODE":"91"}}
{"ts":1709488240186,"action":"FILE_CLOSED","file":"/main.py","tags":{"FILE_LINE_OF_CODE":"91"}}
{"ts":1709488240186,"action":"FILE_OPENED","file":"/README.txt","tags":{"FILE_LINE_OF_CODE":"13"}}
{"ts":1709488270203,"action":"FILE_CLOSED","file":"/README.txt","tags":{"FILE_LINE_OF_CODE":"13"}}
{"ts":1709488270203,"action":"FILE_OPENED","file":"/main.py","tags":{"FILE_LINE_OF_CODE":"91"}}
{"ts":1709488318858,"action":"IDE_DEACTIVATED"}
{"ts":1709488320717,"action":"IDE_ACTIVATED"}
{"ts":1709488325851,"action":"IDE_DEACTIVATED"}
{"ts":1709488399775,"action":"IDE_ACTIVATED"}
{"ts":1709488402213,"action":"FILE_CLOSED","file":"/main.py","tags":{"FILE_LINE_OF_CODE":"91"}}
{"ts":1709488402213,"action":"FILE_OPENED","file":"/README.txt","tags":{"FILE_LINE_OF_CODE":"13"}}
{"ts":1709488461118,"action":"IDE_DEACTIVATED"}
{"ts":1709488628268,"action":"IDE_ACTIVATED"}
{"ts":1709488636739,"action":"FILE_CLOSED","file":"/README.txt","tags":{"FILE_LINE_OF_CODE":"13"}}
{"ts":1709488636739,"action":"FILE_OPENED","file":"/authors.json","tags":{"FILE_LINE_OF_CODE":"302"}}
{"ts":1709488647924,"action":"FILE_CLOSED","file":"/authors.json","tags":{"FILE_LINE_OF_CODE":"302"}}
{"ts":1709488647924,"action":"FILE_OPENED","file":"/quotes.json","tags":{"FILE_LINE_OF_CODE":"831"}}
{"ts":1709488688828,"action":"FILE_CLOSED","file":"/quotes.json","tags":{"FILE_LINE_OF_CODE":"831"}}
{"ts":1709488688828,"action":"FILE_OPENED","file":"/search_tags.py","tags":{"FILE_LINE_OF_CODE":"30"}}
{"ts":1709488787738,"action":"IDE_DEACTIVATED"}
{"ts":1709488836698,"action":"IDE_ACTIVATED"}
{"ts":1709488869845,"action":"IDE_DEACTIVATED"}
{"ts":1709488948709,"action":"IDE_ACTIVATED"}
{"ts":1709488966440,"action":"IDE_DEACTIVATED"}
{"ts":1709488966506,"action":"IDE_ACTIVATED"}
{"ts":1709488981138,"action":"FILE_CLOSED","file":"/search_tags.py","tags":{"FILE_LINE_OF_CODE":"30"}}
{"ts":1709488981138,"action":"FILE_OPENED","file":"/hw9.py","tags":{"FILE_LINE_OF_CODE":"40"}}
{"ts":1709489028768,"action":"FILE_CLOSED","file":"/hw9.py","tags":{"FILE_LINE_OF_CODE":"40"}}
{"ts":1709489028770,"action":"FILE_OPENED","file":"/README.txt","tags":{"FILE_LINE_OF_CODE":"13"}}
{"ts":1709489127799,"action":"IDE_DEACTIVATED"}
{"ts":1709489142077,"action":"IDE_ACTIVATED"}
{"ts":1709489148847,"action":"FILE_CLOSED","file":"/README.txt","tags":{"FILE_LINE_OF_CODE":"14"}}
{"ts":1709489148849,"action":"FILE_OPENED","file":"/search_tags.py","tags":{"FILE_LINE_OF_CODE":"30"}}
{"ts":1709489181081,"action":"IDE_DEACTIVATED"}
{"ts":1709489201609,"action":"IDE_ACTIVATED"}
{"ts":1709489226247,"action":"IDE_DEACTIVATED"}
{"ts":1709489229766,"action":"IDE_ACTIVATED"}
{"ts":1709489231732,"action":"FILE_CLOSED","file":"/search_tags.py","tags":{"FILE_LINE_OF_CODE":"30"}}
{"ts":1709489231734,"action":"FILE_OPENED","file":"/hw9.py","tags":{"FILE_LINE_OF_CODE":"40"}}
{"ts":1709489244839,"action":"IDE_DEACTIVATED"}
{"ts":1709489279009,"action":"IDE_ACTIVATED"}
{"ts":1709489283885,"action":"FILE_CLOSED","file":"/hw9.py","tags":{"FILE_LINE_OF_CODE":"40"}}
{"ts":1709489283885,"action":"FILE_OPENED","file":"/search_tags.py","tags":{"FILE_LINE_OF_CODE":"30"}}
{"ts":1709489303757,"action":"FILE_CLOSED","file":"/search_tags.py","tags":{"FILE_LINE_OF_CODE":"30"}}
{"ts":1709489303757,"action":"FILE_OPENED","file":"/hw9.py","tags":{"FILE_LINE_OF_CODE":"40"}}
{"ts":1709489321918,"action":"IDE_DEACTIVATED"}
{"ts":1709489356257,"action":"IDE_ACTIVATED"}
{"ts":1709489366014,"action":"IDE_DEACTIVATED"}
{"ts":1709489400402,"action":"IDE_ACTIVATED"}
{"ts":1709489402608,"action":"FILE_CLOSED","file":"/hw9.py","tags":{"FILE_LINE_OF_CODE":"40"}}
{"ts":1709489402608,"action":"FILE_OPENED","file":"/models.py","tags":{"FILE_LINE_OF_CODE":"31"}}
{"ts":1709489415313,"action":"IDE_DEACTIVATED"}
{"ts":1709489421277,"action":"IDE_ACTIVATED"}
{"ts":1709489460046,"action":"IDE_DEACTIVATED"}
{"ts":1709489531570,"action":"IDE_ACTIVATED"}
{"ts":1709489531732,"action":"FILE_CLOSED","file":"/models.py","tags":{"FILE_LINE_OF_CODE":"31"}}
{"ts":1709489531732,"action":"FILE_OPENED","file":"/hw9.py","tags":{"FILE_LINE_OF_CODE":"40"}}
{"ts":1709489547886,"action":"FILE_CLOSED","file":"/hw9.py","tags":{"FILE_LINE_OF_CODE":"40"}}
{"ts":1709489547886,"action":"FILE_OPENED","file":"/models.py","tags":{"FILE_LINE_OF_CODE":"31"}}
{"ts":1709489554351,"action":"FILE_CLOSED","file":"/models.py","tags":{"FILE_LINE_OF_CODE":"31"}}
{"ts":1709489554351,"action":"FILE_OPENED","file":"/0_main.py","tags":{"FILE_LINE_OF_CODE":"31"}}
{"ts":1709489561169,"action":"FILE_CLOSED","file":"/0_main.py","tags":{"FILE_LINE_OF_CODE":"31"}}
{"ts":1709489561169,"action":"FILE_OPENED","file":"/models.py","tags":{"FILE_LINE_OF_CODE":"31"}}
{"ts":1709489568169,"action":"IDE_DEACTIVATED"}
{"ts":1709489637663,"action":"IDE_ACTIVATED"}
{"ts":1709489646586,"action":"FILE_CLOSED","file":"/models.py","tags":{"FILE_LINE_OF_CODE":"31"}}
{"ts":1709489646586,"action":"FILE_OPENED","file":"/0_main.py","tags":{"FILE_LINE_OF_CODE":"31"}}
{"ts":1709489647214,"action":"FILE_CLOSED","file":"/0_main.py","tags":{"FILE_LINE_OF_CODE":"31"}}
{"ts":1709489647214,"action":"FILE_OPENED","file":"/models.py","tags":{"FILE_LINE_OF_CODE":"31"}}
{"ts":1709489647901,"action":"FILE_CLOSED","file":"/models.py","tags":{"FILE_LINE_OF_CODE":"31"}}
{"ts":1709489647901,"action":"FILE_OPENED","file":"/hw9.py","tags":{"FILE_LINE_OF_CODE":"40"}}
{"ts":1709489704004,"action":"FILE_CLOSED","file":"/hw9.py","tags":{"FILE_LINE_OF_CODE":"40"}}
{"ts":1709489704005,"action":"FILE_OPENED","file":"/quotes.json","tags":{"FILE_LINE_OF_CODE":"831"}}
{"ts":1709489718185,"action":"FILE_CLOSED","file":"/quotes.json","tags":{"FILE_LINE_OF_CODE":"831"}}
{"ts":1709489718185,"action":"FILE_OPENED","file":"/hw9.py","tags":{"FILE_LINE_OF_CODE":"40"}}
{"ts":1709489721878,"action":"FILE_CLOSED","file":"/hw9.py","tags":{"FILE_LINE_OF_CODE":"40"}}
{"ts":1709489721878,"action":"FILE_OPENED","file":"/quotes.json","tags":{"FILE_LINE_OF_CODE":"831"}}
{"ts":1709489733003,"action":"FILE_CLOSED","file":"/quotes.json","tags":{"FILE_LINE_OF_CODE":"831"}}
{"ts":1709489733003,"action":"FILE_OPENED","file":"/hw9.py","tags":{"FILE_LINE_OF_CODE":"40"}}
{"ts":1709489746328,"action":"IDE_DEACTIVATED"}
{"ts":1709489780923,"action":"IDE_ACTIVATED"}
{"ts":1709489831795,"action":"IDE_DEACTIVATED"}
{"ts":1709489833163,"action":"IDE_ACTIVATED"}
{"ts":1709489850350,"action":"IDE_DEACTIVATED"}
{"ts":1709489875348,"action":"IDE_ACTIVATED"}
{"ts":1709489881811,"action":"IDE_DEACTIVATED"}
{"ts":1709489910388,"action":"IDE_ACTIVATED"}
{"ts":1709489914836,"action":"FILE_CLOSED","file":"/hw9.py","tags":{"FILE_LINE_OF_CODE":"41"}}
{"ts":1709489914837,"action":"FILE_OPENED","file":"/app.py","tags":{"FILE_LINE_OF_CODE":"65"}}
{"ts":1709489937599,"action":"FILE_CLOSED","file":"/app.py","tags":{"FILE_LINE_OF_CODE":"65"}}
{"ts":1709489937599,"action":"FILE_OPENED","file":"/hw9.py","tags":{"FILE_LINE_OF_CODE":"41"}}
{"ts":1709489950473,"action":"FILE_CLOSED","file":"/hw9.py","tags":{"FILE_LINE_OF_CODE":"41"}}
{"ts":1709489950473,"action":"FILE_OPENED","file":"/0_main.py","tags":{"FILE_LINE_OF_CODE":"31"}}
{"ts":1709489953487,"action":"FILE_CLOSED","file":"/0_main.py","tags":{"FILE_LINE_OF_CODE":"31"}}
{"ts":1709489953487,"action":"FILE_OPENED","file":"/models.py","tags":{"FILE_LINE_OF_CODE":"31"}}
{"ts":1709489961916,"action":"IDE_DEACTIVATED"}
{"ts":1709490047953,"action":"IDE_ACTIVATED"}
{"ts":1709490048742,"action":"IDE_DEACTIVATED"}
{"ts":1709490109885,"action":"IDE_ACTIVATED"}
{"ts":1709490111578,"action":"FILE_CLOSED","file":"/models.py","tags":{"FILE_LINE_OF_CODE":"31"}}
{"ts":1709490111578,"action":"FILE_OPENED","file":"/quotes.json","tags":{"FILE_LINE_OF_CODE":"831"}}
{"ts":1709490117710,"action":"IDE_DEACTIVATED"}
{"ts":1709490161856,"action":"IDE_ACTIVATED"}
{"ts":1709490171525,"action":"IDE_DEACTIVATED"}
{"ts":1709490173977,"action":"IDE_ACTIVATED"}
{"ts":1709490175717,"action":"FILE_CLOSED","file":"/quotes.json","tags":{"FILE_LINE_OF_CODE":"831"}}
{"ts":1709490175717,"action":"FILE_OPENED","file":"/search_tags.py","tags":{"FILE_LINE_OF_CODE":"30"}}
{"ts":1709490183132,"action":"FILE_CLOSED","file":"/search_tags.py","tags":{"FILE_LINE_OF_CODE":"30"}}
{"ts":1709490183132,"action":"FILE_OPENED","file":"/hw9.py","tags":{"FILE_LINE_OF_CODE":"41"}}
{"ts":1709490196414,"action":"FILE_CLOSED","file":"/hw9.py","tags":{"FILE_LINE_OF_CODE":"41"}}
{"ts":1709490196414,"action":"FILE_OPENED","file":"/search_tags.py","tags":{"FILE_LINE_OF_CODE":"30"}}
{"ts":1709490205592,"action":"IDE_DEACTIVATED"}
{"ts":1709490210803,"action":"IDE_ACTIVATED"}
{"ts":1709490261349,"action":"FILE_CLOSED","file":"/search_tags.py","tags":{"FILE_LINE_OF_CODE":"30"}}
{"ts":1709490261349,"action":"FILE_OPENED","file":"/hw9.py","tags":{"FILE_LINE_OF_CODE":"41"}}
{"ts":1709490306975,"action":"IDE_DEACTIVATED"}
{"ts":1709490315187,"action":"IDE_ACTIVATED"}
{"ts":1709490317766,"action":"FILE_CLOSED","file":"/hw9.py","tags":{"FILE_LINE_OF_CODE":"41"}}
{"ts":1709490317767,"action":"FILE_OPENED","file":"/search_tags.py","tags":{"FILE_LINE_OF_CODE":"30"}}
{"ts":1709490323597,"action":"IDE_DEACTIVATED"}
{"ts":1709490394593,"action":"IDE_ACTIVATED"}
{"ts":1709490395807,"action":"FILE_CLOSED","file":"/search_tags.py","tags":{"FILE_LINE_OF_CODE":"30"}}
{"ts":1709490395808,"action":"FILE_OPENED","file":"/hw9.py","tags":{"FILE_LINE_OF_CODE":"41"}}
{"ts":1709490402372,"action":"IDE_DEACTIVATED"}
{"ts":1709490460451,"action":"IDE_ACTIVATED"}
{"ts":1709490462178,"action":"FILE_CLOSED","file":"/hw9.py","tags":{"FILE_LINE_OF_CODE":"41"}}
{"ts":1709490462179,"action":"FILE_OPENED","file":"/models.py","tags":{"FILE_LINE_OF_CODE":"31"}}
{"ts":1709490464649,"action":"IDE_DEACTIVATED"}
{"ts":1709490471164,"action":"IDE_ACTIVATED"}
{"ts":1709490497874,"action":"IDE_DEACTIVATED"}
{"ts":1709490501429,"action":"IDE_ACTIVATED"}
{"ts":1709490523317,"action":"FILE_CLOSED","file":"/models.py","tags":{"FILE_LINE_OF_CODE":"32"}}
{"ts":1709490523317,"action":"FILE_OPENED","file":"/search_tags.py","tags":{"FILE_LINE_OF_CODE":"30"}}
{"ts":1709490536021,"action":"IDE_DEACTIVATED"}
{"ts":1709490537197,"action":"IDE_ACTIVATED"}
{"ts":1709490537602,"action":"IDE_DEACTIVATED"}
{"ts":1709490543792,"action":"IDE_ACTIVATED"}
{"ts":1709490550984,"action":"FILE_CLOSED","file":"/search_tags.py","tags":{"FILE_LINE_OF_CODE":"30"}}
{"ts":1709490550984,"action":"FILE_OPENED","file":"/models.py","tags":{"FILE_LINE_OF_CODE":"32"}}
{"ts":1709490558928,"action":"IDE_DEACTIVATED"}
{"ts":1709490560511,"action":"IDE_ACTIVATED"}
{"ts":1709490560982,"action":"IDE_DEACTIVATED"}
{"ts":1709490569270,"action":"IDE_ACTIVATED"}
{"ts":1709490572708,"action":"IDE_DEACTIVATED"}
{"ts":1709490601733,"action":"IDE_ACTIVATED"}
{"ts":1709490603808,"action":"FILE_CLOSED","file":"/models.py","tags":{"FILE_LINE_OF_CODE":"32"}}
{"ts":1709490603808,"action":"FILE_OPENED","file":"/hw9.py","tags":{"FILE_LINE_OF_CODE":"41"}}
{"ts":1709490623920,"action":"IDE_DEACTIVATED"}
{"ts":1709490634511,"action":"IDE_ACTIVATED"}
{"ts":1709490636968,"action":"FILE_CLOSED","file":"/hw9.py","tags":{"FILE_LINE_OF_CODE":"41"}}
{"ts":1709490636968,"action":"FILE_OPENED","file":"/models.py","tags":{"FILE_LINE_OF_CODE":"32"}}
{"ts":1709490644148,"action":"IDE_DEACTIVATED"}
{"ts":1709490657426,"action":"IDE_ACTIVATED"}
{"ts":1709490678294,"action":"FILE_CLOSED","file":"/models.py","tags":{"FILE_LINE_OF_CODE":"31"}}
{"ts":1709490678294,"action":"FILE_OPENED","file":"/0_main.py","tags":{"FILE_LINE_OF_CODE":"31"}}
{"ts":1709490682318,"action":"FILE_CLOSED","file":"/0_main.py","tags":{"FILE_LINE_OF_CODE":"31"}}
{"ts":1709490682318,"action":"FILE_OPENED","file":"/models.py","tags":{"FILE_LINE_OF_CODE":"31"}}
{"ts":1709490690894,"action":"IDE_DEACTIVATED"}
{"ts":1709490869779,"action":"IDE_ACTIVATED"}
{"ts":1709490877432,"action":"FILE_CLOSED","file":"/models.py","tags":{"FILE_LINE_OF_CODE":"31"}}
{"ts":1709490877433,"action":"FILE_OPENED","file":"/README.txt","tags":{"FILE_LINE_OF_CODE":"14"}}
{"ts":1709490879280,"action":"IDE_DEACTIVATED"}
{"ts":1709490924764,"action":"IDE_ACTIVATED"}
{"ts":1709490931682,"action":"FILE_CLOSED","file":"/README.txt","tags":{"FILE_LINE_OF_CODE":"14"}}
{"ts":1709490931695,"action":"FILE_OPENED","file":"/main.py","tags":{"FILE_LINE_OF_CODE":"91"}}
{"ts":1709490933808,"action":"FILE_CLOSED","file":"/main.py","tags":{"FILE_LINE_OF_CODE":"91"}}
{"ts":1709490933815,"action":"FILE_OPENED","file":"/authors.json","tags":{"FILE_LINE_OF_CODE":"302"}}
{"ts":1709490937490,"action":"FILE_CLOSED","file":"/authors.json","tags":{"FILE_LINE_OF_CODE":"302"}}
{"ts":1709490937504,"action":"FILE_OPENED","file":"/quotes.json","tags":{"FILE_LINE_OF_CODE":"831"}}
{"ts":1709490940076,"action":"FILE_CLOSED","file":"/quotes.json","tags":{"FILE_LINE_OF_CODE":"831"}}
{"ts":1709490940081,"action":"FILE_OPENED","file":"/search_tags.py","tags":{"FILE_LINE_OF_CODE":"30"}}
{"ts":1709490941239,"action":"FILE_CLOSED","file":"/search_tags.py","tags":{"FILE_LINE_OF_CODE":"30"}}
{"ts":1709490941241,"action":"FILE_OPENED","file":"/hw9.py","tags":{"FILE_LINE_OF_CODE":"41"}}
{"ts":1709490942158,"action":"FILE_CLOSED","file":"/hw9.py","tags":{"FILE_LINE_OF_CODE":"41"}}
{"ts":1709490942160,"action":"FILE_OPENED","file":"/app.py","tags":{"FILE_LINE_OF_CODE":"65"}}
{"ts":1709490943360,"action":"FILE_CLOSED","file":"/app.py","tags":{"FILE_LINE_OF_CODE":"65"}}
{"ts":1709490943364,"action":"FILE_OPENED","file":"/models.py","tags":{"FILE_LINE_OF_CODE":"31"}}
{"ts":1709490943978,"action":"FILE_CLOSED","file":"/models.py","tags":{"FILE_LINE_OF_CODE":"31"}}
{"ts":1709490943981,"action":"FILE_OPENED","file":"/0_main.py","tags":{"FILE_LINE_OF_CODE":"31"}}
{"ts":1709490944989,"action":"FILE_CLOSED","file":"/0_main.py","tags":{"FILE_LINE_OF_CODE":"31"}}
{"ts":1709491029735,"action":"IDE_DEACTIVATED"}
{"ts":1709491044362,"action":"IDE_ACTIVATED"}
{"ts":1709491094601,"action":"IDE_DEACTIVATED"}
{"ts":1709491120828,"action":"IDE_ACTIVATED"}
{"ts":1709491123985,"action":"IDE_DEACTIVATED"}
{"ts":1709491143484,"action":"IDE_ACTIVATED"}
